<?xml version="1.0" encoding="UTF-8"?>
<!-- Generated by org.testng.reporters.JUnitReportReporter -->
<testsuite hostname="CHELSA-KALAPURAYIL.local" failures="0" tests="1" name="TestScripts.QaLegendProjectTest" time="13.652" errors="0" timestamp="2025-07-09T08:52:02 AEST" skipped="0">
  <testcase classname="TestScripts.QaLegendProjectTest" name="addProject" time="13.652"/>
</testsuite> <!-- TestScripts.QaLegendProjectTest -->
