<?xml version="1.0" encoding="UTF-8"?>
<!-- Generated by org.testng.reporters.JUnitReportReporter -->
<testsuite hostname="CHELSA-KALAPURAYIL.local" failures="0" tests="1" name="TestScripts.QaLegendProductItemsTest" time="12.228" errors="0" timestamp="2025-07-09T09:20:12 AEST" skipped="0">
  <testcase classname="TestScripts.QaLegendProductItemsTest" name="deleteAnItem" time="12.228"/>
</testsuite> <!-- TestScripts.QaLegendProductItemsTest -->
