<?xml version="1.0" encoding="UTF-8"?>
<!-- Generated by org.testng.reporters.JUnitReportReporter -->
<testsuite hostname="CHELSA-KALAPURAYIL.local" failures="0" tests="1" name="TestScripts.QaLegendUserTest" time="8.638" errors="0" timestamp="2025-07-10T16:13:47 AEST" skipped="0">
  <testcase classname="TestScripts.QaLegendUserTest" name="selectClientsToDisplayUsingDropdown" time="8.638"/>
</testsuite> <!-- TestScripts.QaLegendUserTest -->
