<?xml version="1.0" encoding="UTF-8"?>
<!-- Generated by org.testng.reporters.JUnitReportReporter -->
<testsuite hostname="CHELSA-KALAPURAYIL.local" failures="0" tests="1" name="TestScripts.QaLegendProductInvoiceTest" time="12.793" errors="0" timestamp="2025-07-11T11:31:28 AEST" skipped="0">
  <testcase classname="TestScripts.QaLegendProductInvoiceTest" name="addItemToNewInvoice" time="12.793"/>
</testsuite> <!-- TestScripts.QaLegendProductInvoiceTest -->
