<?xml version="1.0" encoding="UTF-8"?>
<!-- Generated by org.testng.reporters.JUnitReportReporter -->
<testsuite hostname="CHELSA-KALAPURAYIL.local" failures="0" tests="3" name="TestScripts.QaLegendProductInvoiceTest" time="35.314" errors="0" timestamp="2025-07-09T09:10:01 AEST" skipped="0">
  <testcase classname="TestScripts.QaLegendProductInvoiceTest" name="addPayment" time="6.664"/>
  <testcase classname="TestScripts.QaLegendProductInvoiceTest" name="addInvoice" time="7.805"/>
  <testcase classname="TestScripts.QaLegendProductInvoiceTest" name="addItemToNewInvoice" time="20.845"/>
</testsuite> <!-- TestScripts.QaLegendProductInvoiceTest -->
