<?xml version="1.0" encoding="UTF-8"?>
<!-- Generated by org.testng.reporters.JUnitReportReporter -->
<testsuite hostname="CHELSA-KALAPURAYIL.local" failures="0" tests="1" name="TestScripts.QaLegendProductItemsTest" time="23.886" errors="0" timestamp="2025-07-11T11:20:08 AEST" skipped="0">
  <testcase classname="TestScripts.QaLegendProductItemsTest" name="addAnItem" time="23.886"/>
</testsuite> <!-- TestScripts.QaLegendProductItemsTest -->
